<?xml version="1.0" encoding="UTF-8"?>
<!-- Generated by org.testng.reporters.JUnitXMLReporter -->
<testsuite ignored="0" hostname="DESKTOP-6KLV0L6" failures="0" tests="5" name="Test" time="26.641" errors="0" timestamp="2023-12-13T21:14:00 IST">
  <testcase classname="NewPackage.NewClass2" name="test1" time="8.342"/>
  <testcase classname="NewPackage.NewClass3" name="test1" time="3.516"/>
  <testcase classname="NewPackage.NewClass4" name="test1" time="4.331"/>
  <testcase classname="NewPackage.NewClass5" name="test1" time="6.63"/>
  <testcase classname="NewPackage.NewClass1" name="test1" time="3.776"/>
</testsuite> <!-- Test -->
