<?xml version="1.0" encoding="UTF-8"?>
<!-- Generated by org.testng.reporters.JUnitXMLReporter -->
<testsuite ignored="0" hostname="DESKTOP-6KLV0L6" failures="0" tests="5" name="Test" time="28.8" errors="0" timestamp="2023-12-13T21:47:35 IST">
  <testcase classname="NewPackage.NewClass2" name="test1" time="4.307"/>
  <testcase classname="NewPackage.NewClass3" name="test1" time="3.287"/>
  <testcase classname="NewPackage.NewClass4" name="test1" time="2.226"/>
  <testcase classname="NewPackage.NewClass5" name="test1" time="13.448"/>
  <testcase classname="NewPackage.NewClass1" name="test1" time="5.511"/>
</testsuite> <!-- Test -->
