<?xml version="1.0" encoding="UTF-8"?>
<testng-results ignored="0" total="1" passed="1" failed="0" skipped="0">
  <reporter-output>
  </reporter-output>
  <suite started-at="2023-12-13T11:56:15 IST" name="Default suite" finished-at="2023-12-13T11:56:20 IST" duration-ms="5418">
    <groups>
    </groups>
    <test started-at="2023-12-13T11:56:15 IST" name="Default test" finished-at="2023-12-13T11:56:20 IST" duration-ms="5418">
      <class name="NewPackage.NewClass5">
        <test-method signature="test1()[pri:0, instance:NewPackage.NewClass5@7bab3f1a]" started-at="2023-12-13T11:56:15 IST" name="test1" finished-at="2023-12-13T11:56:20 IST" duration-ms="5380" status="PASS">
          <reporter-output>
          </reporter-output>
        </test-method> <!-- test1 -->
      </class> <!-- NewPackage.NewClass5 -->
    </test> <!-- Default test -->
  </suite> <!-- Default suite -->
</testng-results>
