<?xml version="1.0" encoding="UTF-8"?>
<testng-results ignored="0" total="5" passed="5" failed="0" skipped="0">
  <reporter-output>
  </reporter-output>
  <suite started-at="2023-12-13T21:13:33 IST" name="Suite" finished-at="2023-12-13T21:14:00 IST" duration-ms="26641">
    <groups>
    </groups>
    <test started-at="2023-12-13T21:13:33 IST" name="Test" finished-at="2023-12-13T21:14:00 IST" duration-ms="26641">
      <class name="NewPackage.NewClass4">
        <test-method signature="test1()[pri:0, instance:NewPackage.NewClass4@57cf54e1]" started-at="2023-12-13T21:13:45 IST" name="test1" finished-at="2023-12-13T21:13:50 IST" duration-ms="4331" status="PASS">
          <reporter-output>
          </reporter-output>
        </test-method> <!-- test1 -->
      </class> <!-- NewPackage.NewClass4 -->
      <class name="NewPackage.NewClass5">
        <test-method signature="test1()[pri:0, instance:NewPackage.NewClass5@5b03b9fe]" started-at="2023-12-13T21:13:50 IST" name="test1" finished-at="2023-12-13T21:13:56 IST" duration-ms="6630" status="PASS">
          <reporter-output>
          </reporter-output>
        </test-method> <!-- test1 -->
      </class> <!-- NewPackage.NewClass5 -->
      <class name="NewPackage.NewClass2">
        <test-method signature="test1()[pri:0, instance:NewPackage.NewClass2@66d3eec0]" started-at="2023-12-13T21:13:33 IST" name="test1" finished-at="2023-12-13T21:13:42 IST" duration-ms="8342" status="PASS">
          <reporter-output>
          </reporter-output>
        </test-method> <!-- test1 -->
      </class> <!-- NewPackage.NewClass2 -->
      <class name="NewPackage.NewClass3">
        <test-method signature="test1()[pri:0, instance:NewPackage.NewClass3@7c711375]" started-at="2023-12-13T21:13:42 IST" name="test1" finished-at="2023-12-13T21:13:45 IST" duration-ms="3516" status="PASS">
          <reporter-output>
          </reporter-output>
        </test-method> <!-- test1 -->
      </class> <!-- NewPackage.NewClass3 -->
      <class name="NewPackage.NewClass1">
        <test-method signature="test1()[pri:0, instance:NewPackage.NewClass1@37d4349f]" started-at="2023-12-13T21:13:56 IST" name="test1" finished-at="2023-12-13T21:14:00 IST" duration-ms="3776" status="PASS">
          <reporter-output>
          </reporter-output>
        </test-method> <!-- test1 -->
      </class> <!-- NewPackage.NewClass1 -->
    </test> <!-- Test -->
  </suite> <!-- Suite -->
</testng-results>
